2023-04-21T07:40:44+00:00 CRITICAL Uncaught TypeError: call_user_func_array(): Argument #1 ($function) must be a valid callback, function "registerera_meny" not found or invalid function name in C:\MAMP\htdocs\labb2-sandra\wp-includes\class-wp-hook.php:308
Stack trace:
#0 C:\MAMP\htdocs\labb2-sandra\wp-includes\class-wp-hook.php(332): WP_Hook->apply_filters(NULL, Array)
#1 C:\MAMP\htdocs\labb2-sandra\wp-includes\plugin.php(517): WP_Hook->do_action(Array)
#2 C:\MAMP\htdocs\labb2-sandra\wp-settings.php(623): do_action('init')
#3 C:\MAMP\htdocs\labb2-sandra\wp-config.php(93): require_once('C:\\MAMP\\htdocs\\...')
#4 C:\MAMP\htdocs\labb2-sandra\wp-load.php(50): require_once('C:\\MAMP\\htdocs\\...')
#5 C:\MAMP\htdocs\labb2-sandra\wp-admin\admin-ajax.php(22): require_once('C:\\MAMP\\htdocs\\...')
#6 {main}
  thrown i C:\MAMP\htdocs\labb2-sandra\wp-includes\class-wp-hook.php på rad 308

2023-04-21T07:42:44+00:00 CRITICAL Uncaught TypeError: call_user_func_array(): Argument #1 ($function) must be a valid callback, function "registerera_meny" not found or invalid function name in C:\MAMP\htdocs\labb2-sandra\wp-includes\class-wp-hook.php:308
Stack trace:
#0 C:\MAMP\htdocs\labb2-sandra\wp-includes\class-wp-hook.php(332): WP_Hook->apply_filters(NULL, Array)
#1 C:\MAMP\htdocs\labb2-sandra\wp-includes\plugin.php(517): WP_Hook->do_action(Array)
#2 C:\MAMP\htdocs\labb2-sandra\wp-settings.php(623): do_action('init')
#3 C:\MAMP\htdocs\labb2-sandra\wp-config.php(93): require_once('C:\\MAMP\\htdocs\\...')
#4 C:\MAMP\htdocs\labb2-sandra\wp-load.php(50): require_once('C:\\MAMP\\htdocs\\...')
#5 C:\MAMP\htdocs\labb2-sandra\wp-admin\admin-ajax.php(22): require_once('C:\\MAMP\\htdocs\\...')
#6 {main}
  thrown i C:\MAMP\htdocs\labb2-sandra\wp-includes\class-wp-hook.php på rad 308

2023-04-21T07:43:24+00:00 CRITICAL Uncaught TypeError: call_user_func_array(): Argument #1 ($function) must be a valid callback, function "registerera_meny" not found or invalid function name in C:\MAMP\htdocs\labb2-sandra\wp-includes\class-wp-hook.php:308
Stack trace:
#0 C:\MAMP\htdocs\labb2-sandra\wp-includes\class-wp-hook.php(332): WP_Hook->apply_filters(NULL, Array)
#1 C:\MAMP\htdocs\labb2-sandra\wp-includes\plugin.php(517): WP_Hook->do_action(Array)
#2 C:\MAMP\htdocs\labb2-sandra\wp-settings.php(623): do_action('init')
#3 C:\MAMP\htdocs\labb2-sandra\wp-config.php(93): require_once('C:\\MAMP\\htdocs\\...')
#4 C:\MAMP\htdocs\labb2-sandra\wp-load.php(50): require_once('C:\\MAMP\\htdocs\\...')
#5 C:\MAMP\htdocs\labb2-sandra\wp-blog-header.php(13): require_once('C:\\MAMP\\htdocs\\...')
#6 C:\MAMP\htdocs\labb2-sandra\index.php(17): require('C:\\MAMP\\htdocs\\...')
#7 {main}
  thrown i C:\MAMP\htdocs\labb2-sandra\wp-includes\class-wp-hook.php på rad 308

